
	            G L O B A L   R E F E R E N C E S

	             Name               Value        Type
	==============================|=======|===============
	CR                               000A         CONSTANT
	FIM_TEXTO                        0040         CONSTANT
	IO_READ                          FFFF         CONSTANT
	IO_WRITE                         FFFE         CONSTANT
	IO_STATUS                        FFFD         CONSTANT
	INITIAL_SP                       FDFF         CONSTANT
	CURSOR                           FFFC         CONSTANT
	CURSOR_INIT                      FFFF         CONSTANT
	ROW_POSITION                     0000         CONSTANT
	COL_POSITION                     0000         CONSTANT
	ROW_SHIFT                        0008         CONSTANT
	COLUMN_SHIFT                     0008         CONSTANT
	LinePrintstr                     8000         VARIABLE
	StringPrintstr                   8001         VARIABLE
	Line1                            8002           STRING
	Line2                            8053           STRING
	Line3                            80A4           STRING
	Esqueleto                        0002            LABEL
	Printstr                         0009            LABEL
	VOLTA_LOOP                       0015            LABEL
	FIM_LOOP                         0021            LABEL
	Main                             0027            LABEL
	Cycle                            004C            LABEL
	Halt                             004D            LABEL
